빌드 시작: 2018-03-16 오후 6:55:54
     1>2 노드의 "C:\Users\Penguin\Documents\tetris\Tetris\Tetris_3\Tetris_3.vcxproj" 프로젝트(build 대상)입니다.
     1>InitializeBuildStatus:
         "AlwaysCreate"이(가) 지정되었기 때문에 "Debug\Tetris_3.unsuccessfulbuild"을(를) 만들고 있습니다.
       ClCompile:
         C:\Program Files (x86)\Microsoft Visual Studio 10.0\VC\bin\CL.exe /c /ZI /nologo /W3 /WX- /Od /Oy- /D WIN32 /D _DEBUG /D _CONSOLE /D _UNICODE /D UNICODE /Gm /EHsc /RTC1 /MDd /GS /fp:precise /Zc:wchar_t /Zc:forScope /Fo"Debug\\" /Fd"Debug\vc100.pdb" /Gd /TP /analyze- /errorReport:prompt Control.cpp Map.cpp Main.cpp MultiView.cpp MultiViewQueue.cpp Server.cpp VirtualMachine.cpp
         VirtualMachine.cpp
         Server.cpp
         MultiViewQueue.cpp
         MultiView.cpp
         Main.cpp
         Map.cpp
         Control.cpp
         코드를 생성하고 있습니다...
       Link:
         C:\Program Files (x86)\Microsoft Visual Studio 10.0\VC\bin\link.exe /ERRORREPORT:PROMPT /OUT:"C:\Users\Penguin\Documents\tetris\Tetris\Debug\Tetris_3.exe" /INCREMENTAL /NOLOGO ws2_32.lib Consola.lib kernel32.lib user32.lib gdi32.lib winspool.lib comdlg32.lib advapi32.lib shell32.lib ole32.lib oleaut32.lib uuid.lib odbc32.lib odbccp32.lib /NODEFAULTLIB:libc.lib /MANIFEST /ManifestFile:"Debug\Tetris_3.exe.intermediate.manifest" /MANIFESTUAC:"level='asInvoker' uiAccess='false'" /DEBUG /PDB:"C:\Users\Penguin\Documents\tetris\Tetris\Debug\Tetris_3.pdb" /SUBSYSTEM:CONSOLE /TLBID:1 /DYNAMICBASE /NXCOMPAT /IMPLIB:"C:\Users\Penguin\Documents\tetris\Tetris\Debug\Tetris_3.lib" /MACHINE:X86 Debug\Control.obj
         Debug\Map.obj
         Debug\Main.obj
         Debug\MultiView.obj
         Debug\MultiViewQueue.obj
         Debug\Server.obj
         Debug\VirtualMachine.obj
         Tetris_3.vcxproj -> C:\Users\Penguin\Documents\tetris\Tetris\Debug\Tetris_3.exe
       Manifest:
         C:\Program Files (x86)\Microsoft SDKs\Windows\v7.0A\bin\mt.exe /nologo /verbose /out:"C:\Users\Penguin\Documents\tetris\Tetris\Debug\Tetris_3.exe.manifest" /manifest Debug\Tetris_3.exe.intermediate.manifest
       FinalizeBuildStatus:
         "Debug\Tetris_3.unsuccessfulbuild" 파일을 삭제하고 있습니다.
         "Debug\Tetris_3.lastbuildstate"에 연결(touching)하고 있습니다.
     1>"C:\Users\Penguin\Documents\tetris\Tetris\Tetris_3\Tetris_3.vcxproj" 프로젝트를 빌드했습니다(build 대상).

빌드했습니다.

경과 시간: 00:00:03.92
